  [1m[35m (0.4ms)[0m  [1m[35mCREATE TABLE "schema_migrations" ("version" varchar NOT NULL PRIMARY KEY)[0m
  [1m[35m (0.4ms)[0m  [1m[35mCREATE TABLE "ar_internal_metadata" ("key" varchar NOT NULL PRIMARY KEY, "value" varchar, "created_at" datetime(6) NOT NULL, "updated_at" datetime(6) NOT NULL)[0m
  [1m[36mActiveRecord::SchemaMigration Pluck (0.0ms)[0m  [1m[34mSELECT "schema_migrations"."version" FROM "schema_migrations" ORDER BY "schema_migrations"."version" ASC[0m
Migrating to CreateProgrammingLanguages (20240719232932)
  [1m[36mTRANSACTION (0.0ms)[0m  [1m[36mbegin transaction[0m
  [1m[35m (0.1ms)[0m  [1m[35mCREATE TABLE "programming_languages" ("id" integer PRIMARY KEY AUTOINCREMENT NOT NULL, "title" varchar, "description" text, "link" varchar, "created_at" datetime(6) NOT NULL, "updated_at" datetime(6) NOT NULL)[0m
  [1m[36mActiveRecord::SchemaMigration Create (0.0ms)[0m  [1m[32mINSERT INTO "schema_migrations" ("version") VALUES (?)[0m  [["version", "20240719232932"]]
  [1m[36mTRANSACTION (0.3ms)[0m  [1m[36mcommit transaction[0m
  [1m[36mActiveRecord::InternalMetadata Load (0.1ms)[0m  [1m[34mSELECT "ar_internal_metadata".* FROM "ar_internal_metadata" WHERE "ar_internal_metadata"."key" = ? LIMIT ?[0m  [["key", "environment"], ["LIMIT", 1]]
  [1m[36mTRANSACTION (0.0ms)[0m  [1m[36mbegin transaction[0m
  [1m[36mActiveRecord::InternalMetadata Create (0.1ms)[0m  [1m[32mINSERT INTO "ar_internal_metadata" ("key", "value", "created_at", "updated_at") VALUES (?, ?, ?, ?)[0m  [["key", "environment"], ["value", "development"], ["created_at", "2024-07-19 23:29:38.415181"], ["updated_at", "2024-07-19 23:29:38.415181"]]
  [1m[36mTRANSACTION (0.2ms)[0m  [1m[36mcommit transaction[0m
  [1m[36mActiveRecord::SchemaMigration Pluck (0.0ms)[0m  [1m[34mSELECT "schema_migrations"."version" FROM "schema_migrations" ORDER BY "schema_migrations"."version" ASC[0m
  [1m[36mActiveRecord::SchemaMigration Pluck (0.0ms)[0m  [1m[34mSELECT "schema_migrations"."version" FROM "schema_migrations" ORDER BY "schema_migrations"."version" ASC[0m
  [1m[36mTRANSACTION (0.0ms)[0m  [1m[36mbegin transaction[0m
  [1m[36mProgrammingLanguage Create (0.8ms)[0m  [1m[32mINSERT INTO "programming_languages" ("title", "description", "link", "created_at", "updated_at") VALUES (?, ?, ?, ?, ?)[0m  [["title", "Ruby"], ["description", "A dynamic, open source programming language with a focus on simplicity and productivity."], ["link", "https://www.ruby-lang.org/en/"], ["created_at", "2024-07-19 23:30:12.468464"], ["updated_at", "2024-07-19 23:30:12.468464"]]
  [1m[36mTRANSACTION (0.2ms)[0m  [1m[36mcommit transaction[0m
  [1m[36mTRANSACTION (0.0ms)[0m  [1m[36mbegin transaction[0m
  [1m[36mProgrammingLanguage Create (0.3ms)[0m  [1m[32mINSERT INTO "programming_languages" ("title", "description", "link", "created_at", "updated_at") VALUES (?, ?, ?, ?, ?)[0m  [["title", "Python"], ["description", "A programming language that lets you work quickly and integrate systems more effectively."], ["link", "https://www.python.org/"], ["created_at", "2024-07-19 23:30:12.470388"], ["updated_at", "2024-07-19 23:30:12.470388"]]
  [1m[36mTRANSACTION (0.2ms)[0m  [1m[36mcommit transaction[0m
  [1m[36mTRANSACTION (0.0ms)[0m  [1m[36mbegin transaction[0m
  [1m[36mProgrammingLanguage Create (0.1ms)[0m  [1m[32mINSERT INTO "programming_languages" ("title", "description", "link", "created_at", "updated_at") VALUES (?, ?, ?, ?, ?)[0m  [["title", "JavaScript"], ["description", "JavaScript is a lightweight, interpreted, or just-in-time compiled programming language with first-class functions."], ["link", "https://developer.mozilla.org/en-US/docs/Web/JavaScript"], ["created_at", "2024-07-19 23:30:12.471498"], ["updated_at", "2024-07-19 23:30:12.471498"]]
  [1m[36mTRANSACTION (0.2ms)[0m  [1m[36mcommit transaction[0m
Started GET "/" for ::1 at 2024-07-19 16:30:21 -0700
  [1m[36mActiveRecord::SchemaMigration Pluck (0.0ms)[0m  [1m[34mSELECT "schema_migrations"."version" FROM "schema_migrations" ORDER BY "schema_migrations"."version" ASC[0m
Processing by ProgrammingLanguagesController#index as HTML
  Rendering layout layouts/application.html.erb
  Rendering programming_languages/index.html.erb within layouts/application
  [1m[36mProgrammingLanguage Load (0.2ms)[0m  [1m[34mSELECT "programming_languages".* FROM "programming_languages"[0m
  ↳ app/views/programming_languages/index.html.erb:6
  Rendered programming_languages/_programming_language.html.erb (Duration: 0.4ms | Allocations: 288)
  Rendered programming_languages/_programming_language.html.erb (Duration: 0.0ms | Allocations: 21)
  Rendered programming_languages/_programming_language.html.erb (Duration: 0.0ms | Allocations: 22)
  Rendered programming_languages/index.html.erb within layouts/application (Duration: 22.8ms | Allocations: 7777)
  Rendered layout layouts/application.html.erb (Duration: 114.1ms | Allocations: 86456)
Completed 200 OK in 129ms (Views: 116.4ms | ActiveRecord: 2.4ms | Allocations: 93959)


Started GET "/programming_languages/1" for ::1 at 2024-07-19 16:30:23 -0700
Processing by ProgrammingLanguagesController#show as HTML
  Parameters: {"id"=>"1"}
  [1m[36mProgrammingLanguage Load (0.3ms)[0m  [1m[34mSELECT "programming_languages".* FROM "programming_languages" WHERE "programming_languages"."id" = ? LIMIT ?[0m  [["id", 1], ["LIMIT", 1]]
  ↳ app/controllers/programming_languages_controller.rb:63:in `set_programming_language'
  Rendering layout layouts/application.html.erb
  Rendering programming_languages/show.html.erb within layouts/application
  Rendered programming_languages/_programming_language.html.erb (Duration: 0.1ms | Allocations: 29)
  Rendered programming_languages/show.html.erb within layouts/application (Duration: 2.6ms | Allocations: 1038)
  Rendered layout layouts/application.html.erb (Duration: 4.6ms | Allocations: 2476)
Completed 200 OK in 11ms (Views: 5.1ms | ActiveRecord: 0.3ms | Allocations: 5376)


Started GET "/programming_languages/1" for ::1 at 2024-07-19 16:30:47 -0700
Processing by ProgrammingLanguagesController#show as HTML
  Parameters: {"id"=>"1"}
  [1m[36mProgrammingLanguage Load (0.1ms)[0m  [1m[34mSELECT "programming_languages".* FROM "programming_languages" WHERE "programming_languages"."id" = ? LIMIT ?[0m  [["id", 1], ["LIMIT", 1]]
  ↳ app/controllers/programming_languages_controller.rb:63:in `set_programming_language'
  Rendering layout layouts/application.html.erb
  Rendering programming_languages/show.html.erb within layouts/application
  Rendered programming_languages/_programming_language.html.erb (Duration: 0.1ms | Allocations: 23)
  Rendered programming_languages/show.html.erb within layouts/application (Duration: 1.2ms | Allocations: 653)
  Rendered layout layouts/application.html.erb (Duration: 4.1ms | Allocations: 1976)
Completed 200 OK in 7ms (Views: 4.6ms | ActiveRecord: 0.1ms | Allocations: 2732)


Started DELETE "/programming_languages/1" for ::1 at 2024-07-19 16:30:51 -0700
Processing by ProgrammingLanguagesController#destroy as TURBO_STREAM
  Parameters: {"authenticity_token"=>"[FILTERED]", "id"=>"1"}
  [1m[36mProgrammingLanguage Load (0.1ms)[0m  [1m[34mSELECT "programming_languages".* FROM "programming_languages" WHERE "programming_languages"."id" = ? LIMIT ?[0m  [["id", 1], ["LIMIT", 1]]
  ↳ app/controllers/programming_languages_controller.rb:63:in `set_programming_language'
  [1m[36mTRANSACTION (0.0ms)[0m  [1m[36mbegin transaction[0m
  ↳ app/controllers/programming_languages_controller.rb:52:in `destroy'
  [1m[36mProgrammingLanguage Destroy (0.4ms)[0m  [1m[31mDELETE FROM "programming_languages" WHERE "programming_languages"."id" = ?[0m  [["id", 1]]
  ↳ app/controllers/programming_languages_controller.rb:52:in `destroy'
  [1m[36mTRANSACTION (0.7ms)[0m  [1m[36mcommit transaction[0m
  ↳ app/controllers/programming_languages_controller.rb:52:in `destroy'
Redirected to http://localhost:3000/programming_languages
Completed 302 Found in 5ms (ActiveRecord: 1.2ms | Allocations: 3060)


Started GET "/programming_languages" for ::1 at 2024-07-19 16:30:51 -0700
Processing by ProgrammingLanguagesController#index as TURBO_STREAM
  Rendering layout layouts/application.html.erb
  Rendering programming_languages/index.html.erb within layouts/application
  [1m[36mProgrammingLanguage Load (0.1ms)[0m  [1m[34mSELECT "programming_languages".* FROM "programming_languages"[0m
  ↳ app/views/programming_languages/index.html.erb:6
  Rendered programming_languages/_programming_language.html.erb (Duration: 0.1ms | Allocations: 27)
  Rendered programming_languages/_programming_language.html.erb (Duration: 0.0ms | Allocations: 22)
  Rendered programming_languages/index.html.erb within layouts/application (Duration: 1.2ms | Allocations: 1227)
  Rendered layout layouts/application.html.erb (Duration: 2.6ms | Allocations: 2673)
Completed 200 OK in 3ms (Views: 2.9ms | ActiveRecord: 0.1ms | Allocations: 3041)


Started GET "/programming_languages/2" for ::1 at 2024-07-19 16:30:52 -0700
Processing by ProgrammingLanguagesController#show as HTML
  Parameters: {"id"=>"2"}
  [1m[36mProgrammingLanguage Load (0.2ms)[0m  [1m[34mSELECT "programming_languages".* FROM "programming_languages" WHERE "programming_languages"."id" = ? LIMIT ?[0m  [["id", 2], ["LIMIT", 1]]
  ↳ app/controllers/programming_languages_controller.rb:63:in `set_programming_language'
  Rendering layout layouts/application.html.erb
  Rendering programming_languages/show.html.erb within layouts/application
  Rendered programming_languages/_programming_language.html.erb (Duration: 0.5ms | Allocations: 22)
  Rendered programming_languages/show.html.erb within layouts/application (Duration: 3.3ms | Allocations: 635)
  Rendered layout layouts/application.html.erb (Duration: 6.0ms | Allocations: 1959)
Completed 200 OK in 9ms (Views: 6.7ms | ActiveRecord: 0.2ms | Allocations: 2720)


Started GET "/programming_languages/3" for ::1 at 2024-07-19 16:30:53 -0700
Processing by ProgrammingLanguagesController#show as HTML
  Parameters: {"id"=>"3"}
  [1m[36mProgrammingLanguage Load (0.2ms)[0m  [1m[34mSELECT "programming_languages".* FROM "programming_languages" WHERE "programming_languages"."id" = ? LIMIT ?[0m  [["id", 3], ["LIMIT", 1]]
  ↳ app/controllers/programming_languages_controller.rb:63:in `set_programming_language'
  Rendering layout layouts/application.html.erb
  Rendering programming_languages/show.html.erb within layouts/application
  Rendered programming_languages/_programming_language.html.erb (Duration: 0.1ms | Allocations: 23)
  Rendered programming_languages/show.html.erb within layouts/application (Duration: 1.6ms | Allocations: 629)
  Rendered layout layouts/application.html.erb (Duration: 4.5ms | Allocations: 1952)
Completed 200 OK in 7ms (Views: 5.1ms | ActiveRecord: 0.2ms | Allocations: 2698)


Started GET "/programming_languages/new" for ::1 at 2024-07-19 16:30:54 -0700
Processing by ProgrammingLanguagesController#new as HTML
  Rendering layout layouts/application.html.erb
  Rendering programming_languages/new.html.erb within layouts/application
  Rendered programming_languages/_form.html.erb (Duration: 11.5ms | Allocations: 3347)
  Rendered programming_languages/new.html.erb within layouts/application (Duration: 13.8ms | Allocations: 3685)
  Rendered layout layouts/application.html.erb (Duration: 15.4ms | Allocations: 5136)
Completed 200 OK in 18ms (Views: 16.0ms | ActiveRecord: 0.0ms | Allocations: 5544)


Started GET "/programming_languages" for ::1 at 2024-07-19 16:31:44 -0700
Processing by ProgrammingLanguagesController#index as HTML
  Rendering layout layouts/application.html.erb
  Rendering programming_languages/index.html.erb within layouts/application
  [1m[36mProgrammingLanguage Load (0.2ms)[0m  [1m[34mSELECT "programming_languages".* FROM "programming_languages"[0m
  ↳ app/views/programming_languages/index.html.erb:6
  Rendered programming_languages/_programming_language.html.erb (Duration: 0.1ms | Allocations: 27)
  Rendered programming_languages/_programming_language.html.erb (Duration: 0.0ms | Allocations: 22)
  Rendered programming_languages/index.html.erb within layouts/application (Duration: 2.6ms | Allocations: 1191)
  Rendered layout layouts/application.html.erb (Duration: 5.2ms | Allocations: 2524)
Completed 200 OK in 7ms (Views: 5.7ms | ActiveRecord: 0.2ms | Allocations: 2853)


Started POST "/programming_languages" for ::1 at 2024-07-19 16:31:44 -0700
Processing by ProgrammingLanguagesController#create as TURBO_STREAM
  Parameters: {"authenticity_token"=>"[FILTERED]", "programming_language"=>{"title"=>"Ruby", "description"=>"Ruby is a MVC programming language that adheres to a very strict organized structure", "link"=>"alksdjfoiawje@aldjf"}, "commit"=>"Create Programming language"}
  [1m[36mTRANSACTION (0.1ms)[0m  [1m[36mbegin transaction[0m
  ↳ app/controllers/programming_languages_controller.rb:27:in `block in create'
  [1m[36mProgrammingLanguage Create (0.6ms)[0m  [1m[32mINSERT INTO "programming_languages" ("title", "description", "link", "created_at", "updated_at") VALUES (?, ?, ?, ?, ?)[0m  [["title", "Ruby"], ["description", "Ruby is a MVC programming language that adheres to a very strict organized structure"], ["link", "alksdjfoiawje@aldjf"], ["created_at", "2024-07-19 23:31:44.577885"], ["updated_at", "2024-07-19 23:31:44.577885"]]
  ↳ app/controllers/programming_languages_controller.rb:27:in `block in create'
  [1m[36mTRANSACTION (0.8ms)[0m  [1m[36mcommit transaction[0m
  ↳ app/controllers/programming_languages_controller.rb:27:in `block in create'
Redirected to http://localhost:3000/programming_languages/4
Completed 302 Found in 7ms (ActiveRecord: 1.4ms | Allocations: 3368)


Started GET "/programming_languages/4" for ::1 at 2024-07-19 16:31:44 -0700
Processing by ProgrammingLanguagesController#show as TURBO_STREAM
  Parameters: {"id"=>"4"}
  [1m[36mProgrammingLanguage Load (0.1ms)[0m  [1m[34mSELECT "programming_languages".* FROM "programming_languages" WHERE "programming_languages"."id" = ? LIMIT ?[0m  [["id", 4], ["LIMIT", 1]]
  ↳ app/controllers/programming_languages_controller.rb:63:in `set_programming_language'
  Rendering layout layouts/application.html.erb
  Rendering programming_languages/show.html.erb within layouts/application
  Rendered programming_languages/_programming_language.html.erb (Duration: 0.1ms | Allocations: 22)
  Rendered programming_languages/show.html.erb within layouts/application (Duration: 1.2ms | Allocations: 682)
  Rendered layout layouts/application.html.erb (Duration: 2.9ms | Allocations: 2005)
Completed 200 OK in 4ms (Views: 3.2ms | ActiveRecord: 0.1ms | Allocations: 2765)


Started GET "/programming_languages/4/edit" for ::1 at 2024-07-19 16:31:45 -0700
Processing by ProgrammingLanguagesController#edit as HTML
  Parameters: {"id"=>"4"}
  [1m[36mProgrammingLanguage Load (0.2ms)[0m  [1m[34mSELECT "programming_languages".* FROM "programming_languages" WHERE "programming_languages"."id" = ? LIMIT ?[0m  [["id", 4], ["LIMIT", 1]]
  ↳ app/controllers/programming_languages_controller.rb:63:in `set_programming_language'
  Rendering layout layouts/application.html.erb
  Rendering programming_languages/edit.html.erb within layouts/application
  Rendered programming_languages/_form.html.erb (Duration: 2.2ms | Allocations: 1412)
  Rendered programming_languages/edit.html.erb within layouts/application (Duration: 3.6ms | Allocations: 1721)
  Rendered layout layouts/application.html.erb (Duration: 7.7ms | Allocations: 3044)
Completed 200 OK in 13ms (Views: 8.4ms | ActiveRecord: 0.2ms | Allocations: 3866)


Started GET "/programming_languages" for ::1 at 2024-07-19 16:31:45 -0700
Processing by ProgrammingLanguagesController#index as HTML
  Rendering layout layouts/application.html.erb
  Rendering programming_languages/index.html.erb within layouts/application
  [1m[36mProgrammingLanguage Load (0.2ms)[0m  [1m[34mSELECT "programming_languages".* FROM "programming_languages"[0m
  ↳ app/views/programming_languages/index.html.erb:6
  Rendered programming_languages/_programming_language.html.erb (Duration: 0.1ms | Allocations: 22)
  Rendered programming_languages/_programming_language.html.erb (Duration: 0.0ms | Allocations: 22)
  Rendered programming_languages/_programming_language.html.erb (Duration: 0.0ms | Allocations: 21)
  Rendered programming_languages/index.html.erb within layouts/application (Duration: 3.3ms | Allocations: 1241)
  Rendered layout layouts/application.html.erb (Duration: 6.0ms | Allocations: 2572)
Completed 200 OK in 8ms (Views: 6.5ms | ActiveRecord: 0.2ms | Allocations: 2851)


Started GET "/programming_languages/new" for ::1 at 2024-07-19 16:31:47 -0700
Processing by ProgrammingLanguagesController#new as HTML
  Rendering layout layouts/application.html.erb
  Rendering programming_languages/new.html.erb within layouts/application
  Rendered programming_languages/_form.html.erb (Duration: 2.6ms | Allocations: 1262)
  Rendered programming_languages/new.html.erb within layouts/application (Duration: 2.9ms | Allocations: 1349)
  Rendered layout layouts/application.html.erb (Duration: 5.8ms | Allocations: 2680)
Completed 200 OK in 7ms (Views: 6.5ms | ActiveRecord: 0.0ms | Allocations: 2963)


Started GET "/programming_languages/new" for ::1 at 2024-07-19 16:31:48 -0700
Processing by ProgrammingLanguagesController#new as HTML
  Rendering layout layouts/application.html.erb
  Rendering programming_languages/new.html.erb within layouts/application
  Rendered programming_languages/_form.html.erb (Duration: 2.0ms | Allocations: 1320)
  Rendered programming_languages/new.html.erb within layouts/application (Duration: 2.3ms | Allocations: 1407)
  Rendered layout layouts/application.html.erb (Duration: 6.0ms | Allocations: 2738)
Completed 200 OK in 8ms (Views: 6.8ms | ActiveRecord: 0.0ms | Allocations: 3020)


Started GET "/programming_languages/4" for ::1 at 2024-07-19 16:31:48 -0700
Processing by ProgrammingLanguagesController#show as HTML
  Parameters: {"id"=>"4"}
  [1m[36mProgrammingLanguage Load (0.2ms)[0m  [1m[34mSELECT "programming_languages".* FROM "programming_languages" WHERE "programming_languages"."id" = ? LIMIT ?[0m  [["id", 4], ["LIMIT", 1]]
  ↳ app/controllers/programming_languages_controller.rb:63:in `set_programming_language'
  Rendering layout layouts/application.html.erb
  Rendering programming_languages/show.html.erb within layouts/application
  Rendered programming_languages/_programming_language.html.erb (Duration: 0.1ms | Allocations: 22)
  Rendered programming_languages/show.html.erb within layouts/application (Duration: 1.4ms | Allocations: 655)
  Rendered layout layouts/application.html.erb (Duration: 3.9ms | Allocations: 1978)
Completed 200 OK in 6ms (Views: 4.4ms | ActiveRecord: 0.2ms | Allocations: 2725)


Started DELETE "/programming_languages/4" for ::1 at 2024-07-19 16:31:50 -0700
Processing by ProgrammingLanguagesController#destroy as TURBO_STREAM
  Parameters: {"authenticity_token"=>"[FILTERED]", "id"=>"4"}
  [1m[36mProgrammingLanguage Load (0.2ms)[0m  [1m[34mSELECT "programming_languages".* FROM "programming_languages" WHERE "programming_languages"."id" = ? LIMIT ?[0m  [["id", 4], ["LIMIT", 1]]
  ↳ app/controllers/programming_languages_controller.rb:63:in `set_programming_language'
  [1m[36mTRANSACTION (0.1ms)[0m  [1m[36mbegin transaction[0m
  ↳ app/controllers/programming_languages_controller.rb:52:in `destroy'
  [1m[36mProgrammingLanguage Destroy (0.6ms)[0m  [1m[31mDELETE FROM "programming_languages" WHERE "programming_languages"."id" = ?[0m  [["id", 4]]
  ↳ app/controllers/programming_languages_controller.rb:52:in `destroy'
  [1m[36mTRANSACTION (1.1ms)[0m  [1m[36mcommit transaction[0m
  ↳ app/controllers/programming_languages_controller.rb:52:in `destroy'
Redirected to http://localhost:3000/programming_languages
Completed 302 Found in 8ms (ActiveRecord: 2.0ms | Allocations: 2452)


Started GET "/programming_languages" for ::1 at 2024-07-19 16:31:50 -0700
Processing by ProgrammingLanguagesController#index as TURBO_STREAM
  Rendering layout layouts/application.html.erb
  Rendering programming_languages/index.html.erb within layouts/application
  [1m[36mProgrammingLanguage Load (0.1ms)[0m  [1m[34mSELECT "programming_languages".* FROM "programming_languages"[0m
  ↳ app/views/programming_languages/index.html.erb:6
  Rendered programming_languages/_programming_language.html.erb (Duration: 0.1ms | Allocations: 22)
  Rendered programming_languages/_programming_language.html.erb (Duration: 0.0ms | Allocations: 22)
  Rendered programming_languages/index.html.erb within layouts/application (Duration: 2.1ms | Allocations: 1126)
  Rendered layout layouts/application.html.erb (Duration: 3.9ms | Allocations: 2457)
Completed 200 OK in 5ms (Views: 4.4ms | ActiveRecord: 0.1ms | Allocations: 2739)


Started GET "/programming_languages/new" for ::1 at 2024-07-19 16:31:50 -0700
Processing by ProgrammingLanguagesController#new as HTML
  Rendering layout layouts/application.html.erb
  Rendering programming_languages/new.html.erb within layouts/application
  Rendered programming_languages/_form.html.erb (Duration: 2.1ms | Allocations: 1277)
  Rendered programming_languages/new.html.erb within layouts/application (Duration: 2.5ms | Allocations: 1364)
  Rendered layout layouts/application.html.erb (Duration: 4.7ms | Allocations: 2695)
Completed 200 OK in 8ms (Views: 5.6ms | ActiveRecord: 0.0ms | Allocations: 2977)


Started GET "/programming_languages/3" for ::1 at 2024-07-19 16:31:51 -0700
Processing by ProgrammingLanguagesController#show as HTML
  Parameters: {"id"=>"3"}
  [1m[36mProgrammingLanguage Load (0.1ms)[0m  [1m[34mSELECT "programming_languages".* FROM "programming_languages" WHERE "programming_languages"."id" = ? LIMIT ?[0m  [["id", 3], ["LIMIT", 1]]
  ↳ app/controllers/programming_languages_controller.rb:63:in `set_programming_language'
  Rendering layout layouts/application.html.erb
  Rendering programming_languages/show.html.erb within layouts/application
  Rendered programming_languages/_programming_language.html.erb (Duration: 0.1ms | Allocations: 23)
  Rendered programming_languages/show.html.erb within layouts/application (Duration: 1.3ms | Allocations: 656)
  Rendered layout layouts/application.html.erb (Duration: 3.6ms | Allocations: 1979)
Completed 200 OK in 6ms (Views: 4.1ms | ActiveRecord: 0.1ms | Allocations: 2725)


Started GET "/programming_languages/3/edit" for ::1 at 2024-07-19 16:31:52 -0700
Processing by ProgrammingLanguagesController#edit as HTML
  Parameters: {"id"=>"3"}
  [1m[36mProgrammingLanguage Load (0.2ms)[0m  [1m[34mSELECT "programming_languages".* FROM "programming_languages" WHERE "programming_languages"."id" = ? LIMIT ?[0m  [["id", 3], ["LIMIT", 1]]
  ↳ app/controllers/programming_languages_controller.rb:63:in `set_programming_language'
  Rendering layout layouts/application.html.erb
  Rendering programming_languages/edit.html.erb within layouts/application
  Rendered programming_languages/_form.html.erb (Duration: 2.1ms | Allocations: 1379)
  Rendered programming_languages/edit.html.erb within layouts/application (Duration: 2.8ms | Allocations: 1503)
  Rendered layout layouts/application.html.erb (Duration: 6.5ms | Allocations: 2826)
Completed 200 OK in 9ms (Views: 7.1ms | ActiveRecord: 0.2ms | Allocations: 3572)


Started PATCH "/programming_languages/3" for ::1 at 2024-07-19 16:31:56 -0700
Processing by ProgrammingLanguagesController#update as TURBO_STREAM
  Parameters: {"authenticity_token"=>"[FILTERED]", "programming_language"=>{"title"=>"JavaScript2", "description"=>"JavaScript is a lightweight, interpreted, or just-in-time compiled programming language with first-class functions.", "link"=>"https://developer.mozilla.org/en-US/docs/Web/JavaScript"}, "commit"=>"Update Programming language", "id"=>"3"}
  [1m[36mProgrammingLanguage Load (0.2ms)[0m  [1m[34mSELECT "programming_languages".* FROM "programming_languages" WHERE "programming_languages"."id" = ? LIMIT ?[0m  [["id", 3], ["LIMIT", 1]]
  ↳ app/controllers/programming_languages_controller.rb:63:in `set_programming_language'
  [1m[36mTRANSACTION (0.1ms)[0m  [1m[36mbegin transaction[0m
  ↳ app/controllers/programming_languages_controller.rb:40:in `block in update'
  [1m[36mProgrammingLanguage Update (0.4ms)[0m  [1m[33mUPDATE "programming_languages" SET "title" = ?, "updated_at" = ? WHERE "programming_languages"."id" = ?[0m  [["title", "JavaScript2"], ["updated_at", "2024-07-19 23:31:56.184464"], ["id", 3]]
  ↳ app/controllers/programming_languages_controller.rb:40:in `block in update'
  [1m[36mTRANSACTION (0.6ms)[0m  [1m[36mcommit transaction[0m
  ↳ app/controllers/programming_languages_controller.rb:40:in `block in update'
Redirected to http://localhost:3000/programming_languages/3
Completed 302 Found in 17ms (ActiveRecord: 1.3ms | Allocations: 3027)


Started GET "/programming_languages/3" for ::1 at 2024-07-19 16:31:56 -0700
Processing by ProgrammingLanguagesController#show as TURBO_STREAM
  Parameters: {"id"=>"3"}
  [1m[36mProgrammingLanguage Load (0.1ms)[0m  [1m[34mSELECT "programming_languages".* FROM "programming_languages" WHERE "programming_languages"."id" = ? LIMIT ?[0m  [["id", 3], ["LIMIT", 1]]
  ↳ app/controllers/programming_languages_controller.rb:63:in `set_programming_language'
  Rendering layout layouts/application.html.erb
  Rendering programming_languages/show.html.erb within layouts/application
  Rendered programming_languages/_programming_language.html.erb (Duration: 0.0ms | Allocations: 23)
  Rendered programming_languages/show.html.erb within layouts/application (Duration: 0.8ms | Allocations: 669)
  Rendered layout layouts/application.html.erb (Duration: 2.2ms | Allocations: 1998)
Completed 200 OK in 4ms (Views: 2.4ms | ActiveRecord: 0.1ms | Allocations: 2748)


Started GET "/programming_languages/3/edit" for ::1 at 2024-07-19 16:31:57 -0700
Processing by ProgrammingLanguagesController#edit as HTML
  Parameters: {"id"=>"3"}
  [1m[36mProgrammingLanguage Load (0.2ms)[0m  [1m[34mSELECT "programming_languages".* FROM "programming_languages" WHERE "programming_languages"."id" = ? LIMIT ?[0m  [["id", 3], ["LIMIT", 1]]
  ↳ app/controllers/programming_languages_controller.rb:63:in `set_programming_language'
  Rendering layout layouts/application.html.erb
  Rendering programming_languages/edit.html.erb within layouts/application
  Rendered programming_languages/_form.html.erb (Duration: 2.3ms | Allocations: 1365)
  Rendered programming_languages/edit.html.erb within layouts/application (Duration: 3.0ms | Allocations: 1489)
  Rendered layout layouts/application.html.erb (Duration: 5.5ms | Allocations: 2812)
Completed 200 OK in 8ms (Views: 6.1ms | ActiveRecord: 0.2ms | Allocations: 3558)


Started GET "/programming_languages" for ::1 at 2024-07-19 16:31:58 -0700
Processing by ProgrammingLanguagesController#index as HTML
  Rendering layout layouts/application.html.erb
  Rendering programming_languages/index.html.erb within layouts/application
  [1m[36mProgrammingLanguage Load (0.2ms)[0m  [1m[34mSELECT "programming_languages".* FROM "programming_languages"[0m
  ↳ app/views/programming_languages/index.html.erb:6
  Rendered programming_languages/_programming_language.html.erb (Duration: 0.1ms | Allocations: 22)
  Rendered programming_languages/_programming_language.html.erb (Duration: 0.1ms | Allocations: 22)
  Rendered programming_languages/index.html.erb within layouts/application (Duration: 2.5ms | Allocations: 1102)
  Rendered layout layouts/application.html.erb (Duration: 4.8ms | Allocations: 2433)
Completed 200 OK in 6ms (Views: 5.1ms | ActiveRecord: 0.2ms | Allocations: 2712)


Started GET "/programming_languages/3" for ::1 at 2024-07-19 16:32:00 -0700
Processing by ProgrammingLanguagesController#show as HTML
  Parameters: {"id"=>"3"}
  [1m[36mProgrammingLanguage Load (0.2ms)[0m  [1m[34mSELECT "programming_languages".* FROM "programming_languages" WHERE "programming_languages"."id" = ? LIMIT ?[0m  [["id", 3], ["LIMIT", 1]]
  ↳ app/controllers/programming_languages_controller.rb:63:in `set_programming_language'
  Rendering layout layouts/application.html.erb
  Rendering programming_languages/show.html.erb within layouts/application
  Rendered programming_languages/_programming_language.html.erb (Duration: 0.1ms | Allocations: 23)
  Rendered programming_languages/show.html.erb within layouts/application (Duration: 1.8ms | Allocations: 638)
  Rendered layout layouts/application.html.erb (Duration: 4.2ms | Allocations: 1961)
Completed 200 OK in 7ms (Views: 4.7ms | ActiveRecord: 0.2ms | Allocations: 2708)


